  dllmain.cpp
     Creating library C:\Users\jacko\OneDrive\Documents\Personal\IT\Programming\Programs\Pwned Passwords\Pwned Passwords DLL V2\PwnedPasswordsDLL-API-master\x64\Release\PwnedPasswordsDLL-API.lib and object C:\Users\jacko\OneDrive\Documents\Personal\IT\Programming\Programs\Pwned Passwords\Pwned Passwords DLL V2\PwnedPasswordsDLL-API-master\x64\Release\PwnedPasswordsDLL-API.exp
  Generating code
  1 of 494 functions ( 0.2%) were compiled, the rest were copied from previous compilation.
    0 functions were new in current compilation
    0 functions had inline decision re-evaluated but remain unchanged
  Finished generating code
cryptlib.lib(cryptlib.obj) : warning LNK4099: PDB 'cryptlib.pdb' was not found with 'cryptlib.lib(cryptlib.obj)' or at 'C:\Users\jacko\OneDrive\Documents\Personal\IT\Programming\Programs\Pwned Passwords\Pwned Passwords DLL V2\PwnedPasswordsDLL-API-master\x64\Release\cryptlib.pdb'; linking object as if no debug info
cryptlib.lib(cpu.obj) : warning LNK4099: PDB 'cryptlib.pdb' was not found with 'cryptlib.lib(cpu.obj)' or at 'C:\Users\jacko\OneDrive\Documents\Personal\IT\Programming\Programs\Pwned Passwords\Pwned Passwords DLL V2\PwnedPasswordsDLL-API-master\x64\Release\cryptlib.pdb'; linking object as if no debug info
cryptlib.lib(integer.obj) : warning LNK4099: PDB 'cryptlib.pdb' was not found with 'cryptlib.lib(integer.obj)' or at 'C:\Users\jacko\OneDrive\Documents\Personal\IT\Programming\Programs\Pwned Passwords\Pwned Passwords DLL V2\PwnedPasswordsDLL-API-master\x64\Release\cryptlib.pdb'; linking object as if no debug info
cryptlib.lib(algparam.obj) : warning LNK4099: PDB 'cryptlib.pdb' was not found with 'cryptlib.lib(algparam.obj)' or at 'C:\Users\jacko\OneDrive\Documents\Personal\IT\Programming\Programs\Pwned Passwords\Pwned Passwords DLL V2\PwnedPasswordsDLL-API-master\x64\Release\cryptlib.pdb'; linking object as if no debug info
cryptlib.lib(asn.obj) : warning LNK4099: PDB 'cryptlib.pdb' was not found with 'cryptlib.lib(asn.obj)' or at 'C:\Users\jacko\OneDrive\Documents\Personal\IT\Programming\Programs\Pwned Passwords\Pwned Passwords DLL V2\PwnedPasswordsDLL-API-master\x64\Release\cryptlib.pdb'; linking object as if no debug info
cryptlib.lib(basecode.obj) : warning LNK4099: PDB 'cryptlib.pdb' was not found with 'cryptlib.lib(basecode.obj)' or at 'C:\Users\jacko\OneDrive\Documents\Personal\IT\Programming\Programs\Pwned Passwords\Pwned Passwords DLL V2\PwnedPasswordsDLL-API-master\x64\Release\cryptlib.pdb'; linking object as if no debug info
cryptlib.lib(dll.obj) : warning LNK4099: PDB 'cryptlib.pdb' was not found with 'cryptlib.lib(dll.obj)' or at 'C:\Users\jacko\OneDrive\Documents\Personal\IT\Programming\Programs\Pwned Passwords\Pwned Passwords DLL V2\PwnedPasswordsDLL-API-master\x64\Release\cryptlib.pdb'; linking object as if no debug info
cryptlib.lib(ec2n.obj) : warning LNK4099: PDB 'cryptlib.pdb' was not found with 'cryptlib.lib(ec2n.obj)' or at 'C:\Users\jacko\OneDrive\Documents\Personal\IT\Programming\Programs\Pwned Passwords\Pwned Passwords DLL V2\PwnedPasswordsDLL-API-master\x64\Release\cryptlib.pdb'; linking object as if no debug info
cryptlib.lib(ecp.obj) : warning LNK4099: PDB 'cryptlib.pdb' was not found with 'cryptlib.lib(ecp.obj)' or at 'C:\Users\jacko\OneDrive\Documents\Personal\IT\Programming\Programs\Pwned Passwords\Pwned Passwords DLL V2\PwnedPasswordsDLL-API-master\x64\Release\cryptlib.pdb'; linking object as if no debug info
cryptlib.lib(filters.obj) : warning LNK4099: PDB 'cryptlib.pdb' was not found with 'cryptlib.lib(filters.obj)' or at 'C:\Users\jacko\OneDrive\Documents\Personal\IT\Programming\Programs\Pwned Passwords\Pwned Passwords DLL V2\PwnedPasswordsDLL-API-master\x64\Release\cryptlib.pdb'; linking object as if no debug info
cryptlib.lib(fips140.obj) : warning LNK4099: PDB 'cryptlib.pdb' was not found with 'cryptlib.lib(fips140.obj)' or at 'C:\Users\jacko\OneDrive\Documents\Personal\IT\Programming\Programs\Pwned Passwords\Pwned Passwords DLL V2\PwnedPasswordsDLL-API-master\x64\Release\cryptlib.pdb'; linking object as if no debug info
cryptlib.lib(gf2n.obj) : warning LNK4099: PDB 'cryptlib.pdb' was not found with 'cryptlib.lib(gf2n.obj)' or at 'C:\Users\jacko\OneDrive\Documents\Personal\IT\Programming\Programs\Pwned Passwords\Pwned Passwords DLL V2\PwnedPasswordsDLL-API-master\x64\Release\cryptlib.pdb'; linking object as if no debug info
cryptlib.lib(gfpcrypt.obj) : warning LNK4099: PDB 'cryptlib.pdb' was not found with 'cryptlib.lib(gfpcrypt.obj)' or at 'C:\Users\jacko\OneDrive\Documents\Personal\IT\Programming\Programs\Pwned Passwords\Pwned Passwords DLL V2\PwnedPasswordsDLL-API-master\x64\Release\cryptlib.pdb'; linking object as if no debug info
cryptlib.lib(hex.obj) : warning LNK4099: PDB 'cryptlib.pdb' was not found with 'cryptlib.lib(hex.obj)' or at 'C:\Users\jacko\OneDrive\Documents\Personal\IT\Programming\Programs\Pwned Passwords\Pwned Passwords DLL V2\PwnedPasswordsDLL-API-master\x64\Release\cryptlib.pdb'; linking object as if no debug info
cryptlib.lib(hrtimer.obj) : warning LNK4099: PDB 'cryptlib.pdb' was not found with 'cryptlib.lib(hrtimer.obj)' or at 'C:\Users\jacko\OneDrive\Documents\Personal\IT\Programming\Programs\Pwned Passwords\Pwned Passwords DLL V2\PwnedPasswordsDLL-API-master\x64\Release\cryptlib.pdb'; linking object as if no debug info
cryptlib.lib(iterhash.obj) : warning LNK4099: PDB 'cryptlib.pdb' was not found with 'cryptlib.lib(iterhash.obj)' or at 'C:\Users\jacko\OneDrive\Documents\Personal\IT\Programming\Programs\Pwned Passwords\Pwned Passwords DLL V2\PwnedPasswordsDLL-API-master\x64\Release\cryptlib.pdb'; linking object as if no debug info
cryptlib.lib(misc.obj) : warning LNK4099: PDB 'cryptlib.pdb' was not found with 'cryptlib.lib(misc.obj)' or at 'C:\Users\jacko\OneDrive\Documents\Personal\IT\Programming\Programs\Pwned Passwords\Pwned Passwords DLL V2\PwnedPasswordsDLL-API-master\x64\Release\cryptlib.pdb'; linking object as if no debug info
cryptlib.lib(modes.obj) : warning LNK4099: PDB 'cryptlib.pdb' was not found with 'cryptlib.lib(modes.obj)' or at 'C:\Users\jacko\OneDrive\Documents\Personal\IT\Programming\Programs\Pwned Passwords\Pwned Passwords DLL V2\PwnedPasswordsDLL-API-master\x64\Release\cryptlib.pdb'; linking object as if no debug info
cryptlib.lib(mqueue.obj) : warning LNK4099: PDB 'cryptlib.pdb' was not found with 'cryptlib.lib(mqueue.obj)' or at 'C:\Users\jacko\OneDrive\Documents\Personal\IT\Programming\Programs\Pwned Passwords\Pwned Passwords DLL V2\PwnedPasswordsDLL-API-master\x64\Release\cryptlib.pdb'; linking object as if no debug info
cryptlib.lib(nbtheory.obj) : warning LNK4099: PDB 'cryptlib.pdb' was not found with 'cryptlib.lib(nbtheory.obj)' or at 'C:\Users\jacko\OneDrive\Documents\Personal\IT\Programming\Programs\Pwned Passwords\Pwned Passwords DLL V2\PwnedPasswordsDLL-API-master\x64\Release\cryptlib.pdb'; linking object as if no debug info
cryptlib.lib(osrng.obj) : warning LNK4099: PDB 'cryptlib.pdb' was not found with 'cryptlib.lib(osrng.obj)' or at 'C:\Users\jacko\OneDrive\Documents\Personal\IT\Programming\Programs\Pwned Passwords\Pwned Passwords DLL V2\PwnedPasswordsDLL-API-master\x64\Release\cryptlib.pdb'; linking object as if no debug info
cryptlib.lib(pch.obj) : warning LNK4099: PDB 'cryptlib.pdb' was not found with 'cryptlib.lib(pch.obj)' or at 'C:\Users\jacko\OneDrive\Documents\Personal\IT\Programming\Programs\Pwned Passwords\Pwned Passwords DLL V2\PwnedPasswordsDLL-API-master\x64\Release\cryptlib.pdb'; linking object as if no debug info
cryptlib.lib(pubkey.obj) : warning LNK4099: PDB 'cryptlib.pdb' was not found with 'cryptlib.lib(pubkey.obj)' or at 'C:\Users\jacko\OneDrive\Documents\Personal\IT\Programming\Programs\Pwned Passwords\Pwned Passwords DLL V2\PwnedPasswordsDLL-API-master\x64\Release\cryptlib.pdb'; linking object as if no debug info
cryptlib.lib(queue.obj) : warning LNK4099: PDB 'cryptlib.pdb' was not found with 'cryptlib.lib(queue.obj)' or at 'C:\Users\jacko\OneDrive\Documents\Personal\IT\Programming\Programs\Pwned Passwords\Pwned Passwords DLL V2\PwnedPasswordsDLL-API-master\x64\Release\cryptlib.pdb'; linking object as if no debug info
cryptlib.lib(randpool.obj) : warning LNK4099: PDB 'cryptlib.pdb' was not found with 'cryptlib.lib(randpool.obj)' or at 'C:\Users\jacko\OneDrive\Documents\Personal\IT\Programming\Programs\Pwned Passwords\Pwned Passwords DLL V2\PwnedPasswordsDLL-API-master\x64\Release\cryptlib.pdb'; linking object as if no debug info
cryptlib.lib(rdtables.obj) : warning LNK4099: PDB 'cryptlib.pdb' was not found with 'cryptlib.lib(rdtables.obj)' or at 'C:\Users\jacko\OneDrive\Documents\Personal\IT\Programming\Programs\Pwned Passwords\Pwned Passwords DLL V2\PwnedPasswordsDLL-API-master\x64\Release\cryptlib.pdb'; linking object as if no debug info
cryptlib.lib(rijndael.obj) : warning LNK4099: PDB 'cryptlib.pdb' was not found with 'cryptlib.lib(rijndael.obj)' or at 'C:\Users\jacko\OneDrive\Documents\Personal\IT\Programming\Programs\Pwned Passwords\Pwned Passwords DLL V2\PwnedPasswordsDLL-API-master\x64\Release\cryptlib.pdb'; linking object as if no debug info
cryptlib.lib(rng.obj) : warning LNK4099: PDB 'cryptlib.pdb' was not found with 'cryptlib.lib(rng.obj)' or at 'C:\Users\jacko\OneDrive\Documents\Personal\IT\Programming\Programs\Pwned Passwords\Pwned Passwords DLL V2\PwnedPasswordsDLL-API-master\x64\Release\cryptlib.pdb'; linking object as if no debug info
cryptlib.lib(sha.obj) : warning LNK4099: PDB 'cryptlib.pdb' was not found with 'cryptlib.lib(sha.obj)' or at 'C:\Users\jacko\OneDrive\Documents\Personal\IT\Programming\Programs\Pwned Passwords\Pwned Passwords DLL V2\PwnedPasswordsDLL-API-master\x64\Release\cryptlib.pdb'; linking object as if no debug info
  PwnedPasswordsDLL-API.vcxproj -> C:\Users\jacko\OneDrive\Documents\Personal\IT\Programming\Programs\Pwned Passwords\Pwned Passwords DLL V2\PwnedPasswordsDLL-API-master\x64\Release\PwnedPasswordsDLL-API.dll
